<?xml version="1.0" encoding="UTF-8"?>
<testsuites>
  <testsuite name="hello" timestamp="2024-07-08T10:05:56Z" hostname="f3959deacc70" tests="3" skipped="0" failures="0" errors="0" time="0.204">
    <testcase time="0.011" classname="hello" name="hello_works"/>
    <testcase time="0.18" classname="hello" name="hello_cli_works"/>
    <testcase time="0.013" classname="hello" name="fix_me_"/>
  </testsuite>
</testsuites>
